<?xml version="1.0" encoding="UTF-8" standalone="no"?>
<beans xmlns="http://www.springframework.org/schema/beans" 
xmlns:aop="http://www.springframework.org/schema/aop" 
xmlns:context="http://www.springframework.org/schema/context" 
xmlns:jee="http://www.springframework.org/schema/jee" xmlns:task="http://www.springframework.org/schema/task" 
xmlns:tx="http://www.springframework.org/schema/tx" xmlns:util="http://www.springframework.org/schema/util" 
xmlns:xsi="http://www.w3.org/2001/XMLSchema-instance"
xmlns:cache="http://www.springframework.org/schema/cache"
xsi:schemaLocation="http://www.springframework.org/schema/util http://www.springframework.org/schema/util/spring-util-3.1.xsd http://www.springframework.org/schema/aop http://www.springframework.org/schema/aop/spring-aop-3.1.xsd http://www.springframework.org/schema/beans http://www.springframework.org/schema/beans/spring-beans-3.1.xsd http://www.springframework.org/schema/context http://www.springframework.org/schema/context/spring-context-3.1.xsd http://www.springframework.org/schema/jee http://www.springframework.org/schema/jee/spring-jee-3.1.xsd http://www.springframework.org/schema/tx http://www.springframework.org/schema/tx/spring-tx-3.1.xsd http://www.springframework.org/schema/task http://www.springframework.org/schema/task/spring-task-3.1.xsd http://www.springframework.org/schema/cache http://www.springframework.org/schema/cache/spring-cache.xsd">
    

    <context:property-placeholder location="classpath*:spring/*.properties" system-properties-mode="OVERRIDE" />
        
    <bean class="com.jolbox.bonecp.BoneCPDataSource" destroy-method="close" id="dataSource">
	   <property name="driverClass" value="${database.driverClassName}" />
	   <property name="jdbcUrl" value="${database.url}" />
	   <property name="username" value="${database.username}"/>
	   <property name="password" value="${database.password}"/>
	   <property name="idleConnectionTestPeriodInMinutes" value="${database.idleConnectionTestPeriodInMinutes}"/>
	   <property name="idleMaxAgeInMinutes" value="${database.idleMaxAgeInMinutes}"/>
	   <property name="maxConnectionsPerPartition" value="${database.maxConnectionsPerPartition}"/>
	   <property name="minConnectionsPerPartition" value="${database.minConnectionsPerPartition}"/>
	   <property name="partitionCount" value="${database.partitionCount}"/>
	   <property name="acquireIncrement" value="${database.acquireIncrement}"/>
	   <property name="statementsCacheSize" value="${database.statementsCacheSize}"/>
	   <property name="releaseHelperThreads" value="${database.releaseHelperThreads}"/>
	</bean>
	
    <bean id="transactionManager" class="org.springframework.jdbc.datasource.DataSourceTransactionManager">
  		<property name="dataSource" ref="dataSource"/>
	</bean>
	

	<bean class="co.jirm.spring.SpringJirmFactory" id="jirmFactory" />

    
</beans>